[0.474s] Invoking command in '/home/pawan/ROSmasterM3/yahboom_M3Pro_description': PYTHONPATH=/home/pawan/ROSmasterM3/build/yahboom_M3Pro_description/prefix_override:/usr/lib/python3/dist-packages/colcon_core/task/python/colcon_distutils_commands:/home/pawan/ROSmasterM3/install/yahboom_M3Pro_description/lib/python3.10/site-packages:${PYTHONPATH} /usr/bin/python3 -W ignore:setup.py install is deprecated -W ignore:easy_install command is deprecated setup.py egg_info --egg-base ../build/yahboom_M3Pro_description build --build-base /home/pawan/ROSmasterM3/build/yahboom_M3Pro_description/build install --record /home/pawan/ROSmasterM3/build/yahboom_M3Pro_description/install.log --single-version-externally-managed install_data
[0.633s] running egg_info
[0.633s] creating ../build/yahboom_M3Pro_description/yahboom_M3Pro_description.egg-info
[0.633s] writing ../build/yahboom_M3Pro_description/yahboom_M3Pro_description.egg-info/PKG-INFO
[0.633s] writing dependency_links to ../build/yahboom_M3Pro_description/yahboom_M3Pro_description.egg-info/dependency_links.txt
[0.633s] writing entry points to ../build/yahboom_M3Pro_description/yahboom_M3Pro_description.egg-info/entry_points.txt
[0.633s] writing requirements to ../build/yahboom_M3Pro_description/yahboom_M3Pro_description.egg-info/requires.txt
[0.633s] writing top-level names to ../build/yahboom_M3Pro_description/yahboom_M3Pro_description.egg-info/top_level.txt
[0.633s] writing manifest file '../build/yahboom_M3Pro_description/yahboom_M3Pro_description.egg-info/SOURCES.txt'
[0.634s] reading manifest file '../build/yahboom_M3Pro_description/yahboom_M3Pro_description.egg-info/SOURCES.txt'
[0.635s] writing manifest file '../build/yahboom_M3Pro_description/yahboom_M3Pro_description.egg-info/SOURCES.txt'
[0.635s] running build
[0.636s] running build_py
[0.636s] creating /home/pawan/ROSmasterM3/build/yahboom_M3Pro_description/build
[0.636s] creating /home/pawan/ROSmasterM3/build/yahboom_M3Pro_description/build/lib
[0.636s] creating /home/pawan/ROSmasterM3/build/yahboom_M3Pro_description/build/lib/yahboom_M3Pro_description
[0.636s] copying yahboom_M3Pro_description/__init__.py -> /home/pawan/ROSmasterM3/build/yahboom_M3Pro_description/build/lib/yahboom_M3Pro_description
[0.636s] running install
[0.636s] running install_lib
[0.636s] creating /home/pawan/ROSmasterM3/install/yahboom_M3Pro_description/lib/python3.10/site-packages/yahboom_M3Pro_description
[0.636s] copying /home/pawan/ROSmasterM3/build/yahboom_M3Pro_description/build/lib/yahboom_M3Pro_description/__init__.py -> /home/pawan/ROSmasterM3/install/yahboom_M3Pro_description/lib/python3.10/site-packages/yahboom_M3Pro_description
[0.637s] byte-compiling /home/pawan/ROSmasterM3/install/yahboom_M3Pro_description/lib/python3.10/site-packages/yahboom_M3Pro_description/__init__.py to __init__.cpython-310.pyc
[0.637s] running install_data
[0.637s] creating /home/pawan/ROSmasterM3/install/yahboom_M3Pro_description/share/ament_index
[0.637s] creating /home/pawan/ROSmasterM3/install/yahboom_M3Pro_description/share/ament_index/resource_index
[0.637s] creating /home/pawan/ROSmasterM3/install/yahboom_M3Pro_description/share/ament_index/resource_index/packages
[0.637s] copying resource/yahboom_M3Pro_description -> /home/pawan/ROSmasterM3/install/yahboom_M3Pro_description/share/ament_index/resource_index/packages
[0.637s] copying package.xml -> /home/pawan/ROSmasterM3/install/yahboom_M3Pro_description/share/yahboom_M3Pro_description
[0.637s] creating /home/pawan/ROSmasterM3/install/yahboom_M3Pro_description/share/yahboom_M3Pro_description/urdf
[0.637s] copying urdf/M3Pro.urdf -> /home/pawan/ROSmasterM3/install/yahboom_M3Pro_description/share/yahboom_M3Pro_description/urdf
[0.637s] creating /home/pawan/ROSmasterM3/install/yahboom_M3Pro_description/share/yahboom_M3Pro_description/meshes
[0.637s] copying meshes/llink1.STL -> /home/pawan/ROSmasterM3/install/yahboom_M3Pro_description/share/yahboom_M3Pro_description/meshes
[0.638s] copying meshes/Gripping.STL -> /home/pawan/ROSmasterM3/install/yahboom_M3Pro_description/share/yahboom_M3Pro_description/meshes
[0.638s] copying meshes/rlink1.STL -> /home/pawan/ROSmasterM3/install/yahboom_M3Pro_description/share/yahboom_M3Pro_description/meshes
[0.638s] copying meshes/llink3.STL -> /home/pawan/ROSmasterM3/install/yahboom_M3Pro_description/share/yahboom_M3Pro_description/meshes
[0.639s] copying meshes/arm5.STL -> /home/pawan/ROSmasterM3/install/yahboom_M3Pro_description/share/yahboom_M3Pro_description/meshes
[0.640s] copying meshes/arm3.STL -> /home/pawan/ROSmasterM3/install/yahboom_M3Pro_description/share/yahboom_M3Pro_description/meshes
[0.642s] copying meshes/lwheel2.STL -> /home/pawan/ROSmasterM3/install/yahboom_M3Pro_description/share/yahboom_M3Pro_description/meshes
[0.643s] copying meshes/rwheel2.STL -> /home/pawan/ROSmasterM3/install/yahboom_M3Pro_description/share/yahboom_M3Pro_description/meshes
[0.644s] copying meshes/rlink3.STL -> /home/pawan/ROSmasterM3/install/yahboom_M3Pro_description/share/yahboom_M3Pro_description/meshes
[0.644s] copying meshes/DCW2.STL -> /home/pawan/ROSmasterM3/install/yahboom_M3Pro_description/share/yahboom_M3Pro_description/meshes
[0.645s] copying meshes/lwheel1.STL -> /home/pawan/ROSmasterM3/install/yahboom_M3Pro_description/share/yahboom_M3Pro_description/meshes
[0.645s] copying meshes/arm4.STL -> /home/pawan/ROSmasterM3/install/yahboom_M3Pro_description/share/yahboom_M3Pro_description/meshes
[0.646s] copying meshes/arm2.STL -> /home/pawan/ROSmasterM3/install/yahboom_M3Pro_description/share/yahboom_M3Pro_description/meshes
[0.648s] copying meshes/rwheel1.STL -> /home/pawan/ROSmasterM3/install/yahboom_M3Pro_description/share/yahboom_M3Pro_description/meshes
[0.649s] copying meshes/arm_base_Link.STL -> /home/pawan/ROSmasterM3/install/yahboom_M3Pro_description/share/yahboom_M3Pro_description/meshes
[0.649s] copying meshes/Camera.STL -> /home/pawan/ROSmasterM3/install/yahboom_M3Pro_description/share/yahboom_M3Pro_description/meshes
[0.649s] copying meshes/base_link.STL -> /home/pawan/ROSmasterM3/install/yahboom_M3Pro_description/share/yahboom_M3Pro_description/meshes
[0.653s] copying meshes/llink2.STL -> /home/pawan/ROSmasterM3/install/yahboom_M3Pro_description/share/yahboom_M3Pro_description/meshes
[0.653s] copying meshes/rlink2.STL -> /home/pawan/ROSmasterM3/install/yahboom_M3Pro_description/share/yahboom_M3Pro_description/meshes
[0.653s] copying meshes/arm1.STL -> /home/pawan/ROSmasterM3/install/yahboom_M3Pro_description/share/yahboom_M3Pro_description/meshes
[0.656s] creating /home/pawan/ROSmasterM3/install/yahboom_M3Pro_description/share/yahboom_M3Pro_description/launch
[0.656s] copying launch/display_launch.py -> /home/pawan/ROSmasterM3/install/yahboom_M3Pro_description/share/yahboom_M3Pro_description/launch
[0.656s] running install_egg_info
[0.658s] Copying ../build/yahboom_M3Pro_description/yahboom_M3Pro_description.egg-info to /home/pawan/ROSmasterM3/install/yahboom_M3Pro_description/lib/python3.10/site-packages/yahboom_M3Pro_description-0.0.0-py3.10.egg-info
[0.658s] running install_scripts
[0.671s] writing list of installed files to '/home/pawan/ROSmasterM3/build/yahboom_M3Pro_description/install.log'
[0.685s] Invoked command in '/home/pawan/ROSmasterM3/yahboom_M3Pro_description' returned '0': PYTHONPATH=/home/pawan/ROSmasterM3/build/yahboom_M3Pro_description/prefix_override:/usr/lib/python3/dist-packages/colcon_core/task/python/colcon_distutils_commands:/home/pawan/ROSmasterM3/install/yahboom_M3Pro_description/lib/python3.10/site-packages:${PYTHONPATH} /usr/bin/python3 -W ignore:setup.py install is deprecated -W ignore:easy_install command is deprecated setup.py egg_info --egg-base ../build/yahboom_M3Pro_description build --build-base /home/pawan/ROSmasterM3/build/yahboom_M3Pro_description/build install --record /home/pawan/ROSmasterM3/build/yahboom_M3Pro_description/install.log --single-version-externally-managed install_data
