/home/pawan/ROSmasterM3/install/yahboomcar_ctrl/lib/python3.10/site-packages/yahboomcar_ctrl/__init__.py
/home/pawan/ROSmasterM3/install/yahboomcar_ctrl/lib/python3.10/site-packages/yahboomcar_ctrl/yahboom_joy_M3Pro.py
/home/pawan/ROSmasterM3/install/yahboomcar_ctrl/lib/python3.10/site-packages/yahboomcar_ctrl/yahboom_keyboard.py
/home/pawan/ROSmasterM3/install/yahboomcar_ctrl/lib/python3.10/site-packages/yahboomcar_ctrl/yahboom_joy_R2.py
/home/pawan/ROSmasterM3/install/yahboomcar_ctrl/lib/python3.10/site-packages/yahboomcar_ctrl/__pycache__/__init__.cpython-310.pyc
/home/pawan/ROSmasterM3/install/yahboomcar_ctrl/lib/python3.10/site-packages/yahboomcar_ctrl/__pycache__/yahboom_joy_M3Pro.cpython-310.pyc
/home/pawan/ROSmasterM3/install/yahboomcar_ctrl/lib/python3.10/site-packages/yahboomcar_ctrl/__pycache__/yahboom_keyboard.cpython-310.pyc
/home/pawan/ROSmasterM3/install/yahboomcar_ctrl/lib/python3.10/site-packages/yahboomcar_ctrl/__pycache__/yahboom_joy_R2.cpython-310.pyc
/home/pawan/ROSmasterM3/install/yahboomcar_ctrl/share/ament_index/resource_index/packages/yahboomcar_ctrl
/home/pawan/ROSmasterM3/install/yahboomcar_ctrl/share/yahboomcar_ctrl/package.xml
/home/pawan/ROSmasterM3/install/yahboomcar_ctrl/share/yahboomcar_ctrl/launch/yahboomcar_joy_launch.py
/home/pawan/ROSmasterM3/install/yahboomcar_ctrl/share/yahboomcar_ctrl/launch/keyboard_ctrl_launch.py
/home/pawan/ROSmasterM3/install/yahboomcar_ctrl/lib/python3.10/site-packages/yahboomcar_ctrl-0.0.0-py3.10.egg-info/requires.txt
/home/pawan/ROSmasterM3/install/yahboomcar_ctrl/lib/python3.10/site-packages/yahboomcar_ctrl-0.0.0-py3.10.egg-info/entry_points.txt
/home/pawan/ROSmasterM3/install/yahboomcar_ctrl/lib/python3.10/site-packages/yahboomcar_ctrl-0.0.0-py3.10.egg-info/dependency_links.txt
/home/pawan/ROSmasterM3/install/yahboomcar_ctrl/lib/python3.10/site-packages/yahboomcar_ctrl-0.0.0-py3.10.egg-info/zip-safe
/home/pawan/ROSmasterM3/install/yahboomcar_ctrl/lib/python3.10/site-packages/yahboomcar_ctrl-0.0.0-py3.10.egg-info/SOURCES.txt
/home/pawan/ROSmasterM3/install/yahboomcar_ctrl/lib/python3.10/site-packages/yahboomcar_ctrl-0.0.0-py3.10.egg-info/PKG-INFO
/home/pawan/ROSmasterM3/install/yahboomcar_ctrl/lib/python3.10/site-packages/yahboomcar_ctrl-0.0.0-py3.10.egg-info/top_level.txt
/home/pawan/ROSmasterM3/install/yahboomcar_ctrl/lib/yahboomcar_ctrl/yahboom_joy_M3Pro
/home/pawan/ROSmasterM3/install/yahboomcar_ctrl/lib/yahboomcar_ctrl/yahboom_joy_R2
/home/pawan/ROSmasterM3/install/yahboomcar_ctrl/lib/yahboomcar_ctrl/yahboom_keyboard
